\BOOKMARK [1][-]{section.1}{\376\377\000P\000e\000r\000s\000e\000p\000s\000i\000\040\000V\000i\000s\000u\000a\000l\000\040\000M\000a\000n\000u\000s\000i\000a}{}% 1
\BOOKMARK [2][-]{subsection.1.1}{\376\377\000K\000e\000n\000a\000p\000a\000\040\000P\000e\000r\000l\000u\000\040\000B\000e\000l\000a\000j\000a\000r\000\040\000T\000e\000n\000t\000a\000n\000g\000\040\000M\000a\000t\000a\000?}{section.1}% 2
\BOOKMARK [2][-]{subsection.1.2}{\376\377\000A\000d\000a\000p\000t\000a\000s\000i\000\040\000d\000a\000n\000\040\000D\000i\000s\000k\000r\000i\000m\000i\000n\000a\000s\000i\000\040\000K\000e\000c\000e\000r\000a\000h\000a\000n}{section.1}% 3
\BOOKMARK [2][-]{subsection.1.3}{\376\377\000F\000e\000n\000o\000m\000e\000n\000a\000\040\000V\000i\000s\000u\000a\000l\000\040\000P\000e\000n\000t\000i\000n\000g}{section.1}% 4
\BOOKMARK [3][-]{subsubsection.1.3.1}{\376\377\000M\000a\000c\000h\000\040\000B\000a\000n\000d\000s}{subsection.1.3}% 5
\BOOKMARK [3][-]{subsubsection.1.3.2}{\376\377\000S\000i\000m\000u\000l\000t\000a\000n\000e\000o\000u\000s\000\040\000C\000o\000n\000t\000r\000a\000s\000t}{subsection.1.3}% 6
\BOOKMARK [1][-]{section.2}{\376\377\000C\000a\000h\000a\000y\000a\000\040\000d\000a\000n\000\040\000S\000p\000e\000k\000t\000r\000u\000m\000\040\000E\000l\000e\000k\000t\000r\000o\000m\000a\000g\000n\000e\000t\000i\000k}{}% 7
\BOOKMARK [2][-]{subsection.2.1}{\376\377\000C\000i\000t\000r\000a\000\040\000s\000e\000b\000a\000g\000a\000i\000\040\000E\000n\000e\000r\000g\000i\000\040\000E\000l\000e\000k\000t\000r\000o\000m\000a\000g\000n\000e\000t\000i\000k}{section.2}% 8
\BOOKMARK [2][-]{subsection.2.2}{\376\377\000S\000i\000f\000a\000t\000\040\000G\000e\000l\000o\000m\000b\000a\000n\000g}{section.2}% 9
\BOOKMARK [2][-]{subsection.2.3}{\376\377\000S\000i\000f\000a\000t\000\040\000P\000a\000r\000t\000i\000k\000e\000l\000\040\000\050\000F\000o\000t\000o\000n\000\051}{section.2}% 10
\BOOKMARK [1][-]{section.3}{\376\377\000A\000k\000u\000i\000s\000i\000s\000i\000\040\000C\000i\000t\000r\000a\000\040\000d\000a\000n\000\040\000M\000o\000d\000e\000l\000\040\000P\000e\000m\000b\000e\000n\000t\000u\000k\000a\000n\000\040\000C\000i\000t\000r\000a}{}% 11
\BOOKMARK [2][-]{subsection.3.1}{\376\377\000B\000a\000g\000a\000i\000m\000a\000n\000a\000\040\000C\000i\000t\000r\000a\000\040\000T\000e\000r\000b\000e\000n\000t\000u\000k\000?}{section.3}% 12
\BOOKMARK [2][-]{subsection.3.2}{\376\377\000M\000o\000d\000e\000l\000\040\000M\000a\000t\000e\000m\000a\000t\000i\000s\000:\000\040\000F\000u\000n\000g\000s\000i\000\040\000C\000i\000t\000r\000a}{section.3}% 13
\BOOKMARK [1][-]{section.4}{\376\377\000S\000a\000m\000p\000l\000i\000n\000g\000\040\000d\000a\000n\000\040\000K\000u\000a\000n\000t\000i\000s\000a\000s\000i}{}% 14
\BOOKMARK [2][-]{subsection.4.1}{\376\377\000D\000a\000r\000i\000\040\000D\000u\000n\000i\000a\000\040\000N\000y\000a\000t\000a\000\040\000k\000e\000\040\000K\000o\000m\000p\000u\000t\000e\000r}{section.4}% 15
\BOOKMARK [2][-]{subsection.4.2}{\376\377\000R\000e\000p\000r\000e\000s\000e\000n\000t\000a\000s\000i\000\040\000M\000a\000t\000r\000i\000k\000s}{section.4}% 16
\BOOKMARK [2][-]{subsection.4.3}{\376\377\000K\000e\000b\000u\000t\000u\000h\000a\000n\000\040\000P\000e\000n\000y\000i\000m\000p\000a\000n\000a\000n}{section.4}% 17
\BOOKMARK [2][-]{subsection.4.4}{\376\377\000C\000o\000n\000t\000o\000h\000\040\000K\000o\000d\000e\000\040\000P\000y\000t\000h\000o\000n}{section.4}% 18
\BOOKMARK [1][-]{section.5}{\376\377\000H\000u\000b\000u\000n\000g\000a\000n\000\040\000A\000n\000t\000a\000r\000\040\000P\000i\000x\000e\000l}{}% 19
\BOOKMARK [2][-]{subsection.5.1}{\376\377\000K\000o\000n\000s\000e\000p\000\040\000K\000e\000t\000e\000t\000a\000n\000g\000g\000a\000a\000n\000\040\000\050\000N\000e\000i\000g\000h\000b\000o\000r\000h\000o\000o\000d\000\051}{section.5}% 20
\BOOKMARK [3][-]{subsubsection.5.1.1}{\376\377\0004\000-\000T\000e\000t\000a\000n\000g\000g\000a\000:\000\040\000N\0004\000\050\000p\000\051}{subsection.5.1}% 21
\BOOKMARK [3][-]{subsubsection.5.1.2}{\376\377\0008\000-\000T\000e\000t\000a\000n\000g\000g\000a\000:\000\040\000N\0008\000\050\000p\000\051}{subsection.5.1}% 22
\BOOKMARK [2][-]{subsection.5.2}{\376\377\000J\000e\000n\000i\000s\000\040\000K\000e\000t\000e\000r\000t\000e\000t\000a\000n\000g\000g\000a\000a\000n\000\040\000\050\000A\000d\000j\000a\000c\000e\000n\000c\000y\000\051}{section.5}% 23
\BOOKMARK [2][-]{subsection.5.3}{\376\377\000U\000k\000u\000r\000a\000n\000\040\000J\000a\000r\000a\000k}{section.5}% 24
\BOOKMARK [2][-]{subsection.5.4}{\376\377\000C\000o\000n\000t\000o\000h\000\040\000K\000o\000d\000e\000\040\000P\000y\000t\000h\000o\000n}{section.5}% 25
\BOOKMARK [1][-]{section.6}{\376\377\000P\000e\000r\000a\000n\000g\000k\000a\000t\000\040\000M\000a\000t\000e\000m\000a\000t\000i\000k\000a\000\040\000U\000t\000a\000m\000a}{}% 26
\BOOKMARK [2][-]{subsection.6.1}{\376\377\000O\000p\000e\000r\000a\000s\000i\000\040\000E\000l\000e\000m\000e\000n\000t\000w\000i\000s\000e}{section.6}% 27
\BOOKMARK [2][-]{subsection.6.2}{\376\377\000L\000i\000n\000e\000a\000r\000i\000t\000a\000s\000\040\000d\000a\000n\000\040\000P\000r\000i\000n\000s\000i\000p\000\040\000S\000u\000p\000e\000r\000p\000o\000s\000i\000s\000i}{section.6}% 28
\BOOKMARK [2][-]{subsection.6.3}{\376\377\000T\000r\000a\000n\000s\000f\000o\000r\000m\000a\000s\000i\000\040\000A\000f\000f\000i\000n\000e\000\040\000\050\000G\000e\000o\000m\000e\000t\000r\000i\000s\000\051}{section.6}% 29
\BOOKMARK [2][-]{subsection.6.4}{\376\377\000C\000o\000n\000t\000o\000h\000\040\000K\000o\000d\000e\000\040\000P\000y\000t\000h\000o\000n}{section.6}% 30
\BOOKMARK [1][-]{lstnumber.3.47}{\376\377\000R\000i\000n\000g\000k\000a\000s\000a\000n}{}% 31
