\BOOKMARK [1][-]{section.1}{\376\377\000P\000e\000n\000d\000a\000h\000u\000l\000u\000a\000n}{}% 1
\BOOKMARK [1][-]{section.2}{\376\377\000I\000n\000t\000u\000i\000s\000i\000\040\000D\000a\000s\000a\000r\000:\000\040\000I\000d\000e\000\040\000B\000e\000s\000a\000r\000\040\000F\000o\000u\000r\000i\000e\000r\000\040\000\050\000B\000a\000g\000i\000a\000n\000\040\0004\000.\0001\000\040\000\046\000\040\0004\000.\0002\000\051}{}% 2
\BOOKMARK [2][-]{subsection.2.1}{\376\377\000T\000e\000o\000r\000e\000m\000a\000\040\000F\000o\000u\000r\000i\000e\000r}{section.2}% 3
\BOOKMARK [2][-]{subsection.2.2}{\376\377\000P\000a\000s\000a\000n\000g\000a\000n\000\040\000T\000r\000a\000n\000s\000f\000o\000r\000m\000a\000s\000i\000\040\000F\000o\000u\000r\000i\000e\000r\000\040\0001\000-\000D\000\040\000K\000o\000n\000t\000i\000n\000u}{section.2}% 4
\BOOKMARK [2][-]{subsection.2.3}{\376\377\000R\000e\000p\000r\000e\000s\000e\000n\000t\000a\000s\000i\000\040\000K\000o\000m\000p\000l\000e\000k\000s\000:\000\040\000S\000p\000e\000k\000t\000r\000u\000m\000,\000\040\000F\000a\000s\000e\000,\000\040\000d\000a\000n\000\040\000D\000a\000y\000a}{section.2}% 5
\BOOKMARK [2][-]{subsection.2.4}{\376\377\000S\000i\000f\000a\000t\000-\000S\000i\000f\000a\000t\000\040\000P\000e\000n\000t\000i\000n\000g\000\040\000T\000r\000a\000n\000s\000f\000o\000r\000m\000a\000s\000i\000\040\000F\000o\000u\000r\000i\000e\000r}{section.2}% 6
\BOOKMARK [1][-]{section.3}{\376\377\000S\000a\000m\000p\000l\000i\000n\000g\000\040\000d\000a\000n\000\040\000T\000e\000o\000r\000e\000m\000a\000\040\000S\000a\000m\000p\000l\000i\000n\000g\000\040\000\050\000B\000a\000g\000i\000a\000n\000\040\0004\000.\0003\000\051}{}% 7
\BOOKMARK [2][-]{subsection.3.1}{\376\377\000K\000e\000b\000u\000t\000u\000h\000a\000n\000\040\000S\000a\000m\000p\000l\000i\000n\000g}{section.3}% 8
\BOOKMARK [2][-]{subsection.3.2}{\376\377\000T\000e\000o\000r\000e\000m\000a\000\040\000S\000a\000m\000p\000l\000i\000n\000g\000\040\000N\000y\000q\000u\000i\000s\000t\000-\000S\000h\000a\000n\000n\000o\000n}{section.3}% 9
\BOOKMARK [2][-]{subsection.3.3}{\376\377\000A\000l\000i\000a\000s\000i\000n\000g}{section.3}% 10
\BOOKMARK [2][-]{subsection.3.4}{\376\377\000R\000e\000k\000o\000n\000s\000t\000r\000u\000k\000s\000i\000\040\000S\000i\000n\000y\000a\000l\000:\000\040\000I\000n\000t\000e\000r\000p\000o\000l\000a\000s\000i\000\040\000S\000i\000n\000c}{section.3}% 11
\BOOKMARK [1][-]{section.4}{\376\377\000D\000i\000s\000c\000r\000e\000t\000e\000\040\000F\000o\000u\000r\000i\000e\000r\000\040\000T\000r\000a\000n\000s\000f\000o\000r\000m\000\040\0002\000-\000D\000\040\000\050\000B\000a\000g\000i\000a\000n\000\040\0004\000.\0005\000\040\000\046\000\040\0004\000.\0006\000\051}{}% 12
\BOOKMARK [2][-]{subsection.4.1}{\376\377\000D\000F\000T\000\040\0001\000-\000D\000\040\000D\000i\000s\000k\000r\000i\000t}{section.4}% 13
\BOOKMARK [2][-]{subsection.4.2}{\376\377\000D\000F\000T\000\040\0002\000-\000D\000\040\000u\000n\000t\000u\000k\000\040\000C\000i\000t\000r\000a\000\040\000M\000\040\000N}{section.4}% 14
\BOOKMARK [2][-]{subsection.4.3}{\376\377\000S\000p\000e\000k\000t\000r\000u\000m\000\040\000A\000m\000p\000l\000i\000t\000u\000d\000o\000\040\0002\000-\000D}{section.4}% 15
\BOOKMARK [2][-]{subsection.4.4}{\376\377\000S\000u\000d\000u\000t\000\040\000F\000a\000s\000e\000\040\0002\000-\000D}{section.4}% 16
\BOOKMARK [2][-]{subsection.4.5}{\376\377\000P\000e\000r\000i\000o\000d\000i\000s\000i\000t\000a\000s\000\040\000d\000a\000n\000\040\000C\000e\000n\000t\000e\000r\000i\000n\000g}{section.4}% 17
\BOOKMARK [2][-]{subsection.4.6}{\376\377\000F\000a\000s\000t\000\040\000F\000o\000u\000r\000i\000e\000r\000\040\000T\000r\000a\000n\000s\000f\000o\000r\000m\000\040\000\050\000F\000F\000T\000\051}{section.4}% 18
\BOOKMARK [1][-]{section.5}{\376\377\000A\000l\000u\000r\000\040\000K\000e\000r\000j\000a\000\040\000P\000e\000m\000f\000i\000l\000t\000e\000r\000a\000n\000\040\000D\000o\000m\000a\000i\000n\000\040\000F\000r\000e\000k\000u\000e\000n\000s\000i\000\040\000\050\000B\000a\000g\000i\000a\000n\000\040\0004\000.\0007\000\051}{}% 19
\BOOKMARK [2][-]{subsection.5.1}{\376\377\000T\000e\000o\000r\000e\000m\000a\000\040\000K\000o\000n\000v\000o\000l\000u\000s\000i\000\040\000s\000e\000b\000a\000g\000a\000i\000\040\000L\000a\000n\000d\000a\000s\000a\000n}{section.5}% 20
\BOOKMARK [2][-]{subsection.5.2}{\376\377\000L\000a\000n\000g\000k\000a\000h\000-\000L\000a\000n\000g\000k\000a\000h\000\040\000L\000e\000n\000g\000k\000a\000p\000\040\000P\000e\000m\000f\000i\000l\000t\000e\000r\000a\000n}{section.5}% 21
\BOOKMARK [2][-]{subsection.5.3}{\376\377\000C\000o\000n\000t\000o\000h\000\040\000K\000o\000d\000e\000:\000\040\000A\000l\000u\000r\000\040\000K\000e\000r\000j\000a\000\040\000L\000e\000n\000g\000k\000a\000p\000\040\000F\000F\000T\000\040\000F\000i\000l\000t\000e\000r\000i\000n\000g}{section.5}% 22
\BOOKMARK [1][-]{section.6}{\376\377\000J\000e\000n\000i\000s\000-\000J\000e\000n\000i\000s\000\040\000F\000i\000l\000t\000e\000r\000\040\000\050\000B\000a\000g\000i\000a\000n\000\040\0004\000.\0008\000\040\000\046\000\040\0004\000.\0009\000\051}{}% 23
\BOOKMARK [2][-]{subsection.6.1}{\376\377\000J\000a\000r\000a\000k\000\040\000d\000a\000r\000i\000\040\000P\000u\000s\000a\000t\000\040\000S\000p\000e\000k\000t\000r\000u\000m}{section.6}% 24
\BOOKMARK [2][-]{subsection.6.2}{\376\377\000H\000u\000b\000u\000n\000g\000a\000n\000\040\000L\000o\000w\000p\000a\000s\000s\000\040\000d\000a\000n\000\040\000H\000i\000g\000h\000p\000a\000s\000s}{section.6}% 25
\BOOKMARK [2][-]{subsection.6.3}{\376\377\000F\000i\000l\000t\000e\000r\000\040\000L\000o\000w\000p\000a\000s\000s\000\040\000\050\000S\000m\000o\000o\000t\000h\000i\000n\000g\000\051}{section.6}% 26
\BOOKMARK [3][-]{subsubsection.6.3.1}{\376\377\000I\000d\000e\000a\000l\000\040\000L\000o\000w\000p\000a\000s\000s\000\040\000F\000i\000l\000t\000e\000r\000\040\000\050\000I\000L\000P\000F\000\051}{subsection.6.3}% 27
\BOOKMARK [3][-]{subsubsection.6.3.2}{\376\377\000B\000u\000t\000t\000e\000r\000w\000o\000r\000t\000h\000\040\000L\000o\000w\000p\000a\000s\000s\000\040\000F\000i\000l\000t\000e\000r\000\040\000\050\000B\000L\000P\000F\000\051}{subsection.6.3}% 28
\BOOKMARK [3][-]{subsubsection.6.3.3}{\376\377\000G\000a\000u\000s\000s\000i\000a\000n\000\040\000L\000o\000w\000p\000a\000s\000s\000\040\000F\000i\000l\000t\000e\000r\000\040\000\050\000G\000L\000P\000F\000\051}{subsection.6.3}% 29
\BOOKMARK [2][-]{subsection.6.4}{\376\377\000F\000i\000l\000t\000e\000r\000\040\000H\000i\000g\000h\000p\000a\000s\000s\000\040\000\050\000S\000h\000a\000r\000p\000e\000n\000i\000n\000g\000\051}{section.6}% 30
\BOOKMARK [2][-]{subsection.6.5}{\376\377\000H\000i\000g\000h\000-\000F\000r\000e\000q\000u\000e\000n\000c\000y\000\040\000E\000m\000p\000h\000a\000s\000i\000s\000\040\000\050\000H\000F\000E\000\051\000\040\000F\000i\000l\000t\000e\000r}{section.6}% 31
\BOOKMARK [2][-]{subsection.6.6}{\376\377\000C\000o\000n\000t\000o\000h\000\040\000K\000o\000d\000e\000:\000\040\000P\000e\000r\000b\000a\000n\000d\000i\000n\000g\000a\000n\000\040\000F\000i\000l\000t\000e\000r\000\040\000L\000o\000w\000p\000a\000s\000s\000\040\000d\000a\000n\000\040\000V\000i\000s\000u\000a\000l\000i\000s\000a\000s\000i\000\040\000S\000p\000e\000k\000t\000r\000u\000m}{section.6}% 32
\BOOKMARK [1][-]{section.7}{\376\377\000H\000o\000m\000o\000m\000o\000r\000p\000h\000i\000c\000\040\000F\000i\000l\000t\000e\000r\000i\000n\000g\000\040\000\050\000B\000a\000g\000i\000a\000n\000\040\0004\000.\0009\000\051}{}% 33
\BOOKMARK [2][-]{subsection.7.1}{\376\377\000M\000o\000d\000e\000l\000\040\000P\000e\000n\000c\000a\000h\000a\000y\000a\000a\000n\000-\000R\000e\000f\000l\000e\000k\000t\000a\000n\000s\000i}{section.7}% 34
\BOOKMARK [2][-]{subsection.7.2}{\376\377\000S\000o\000l\000u\000s\000i\000:\000\040\000L\000i\000n\000e\000a\000r\000i\000s\000a\000s\000i\000\040\000d\000e\000n\000g\000a\000n\000\040\000L\000o\000g\000a\000r\000i\000t\000m\000a}{section.7}% 35
\BOOKMARK [2][-]{subsection.7.3}{\376\377\000F\000i\000l\000t\000e\000r\000\040\000H\000o\000m\000o\000m\000o\000r\000p\000h\000i\000c}{section.7}% 36
\BOOKMARK [2][-]{subsection.7.4}{\376\377\000A\000l\000u\000r\000\040\000K\000e\000r\000j\000a\000\040\000L\000e\000n\000g\000k\000a\000p\000\040\000H\000o\000m\000o\000m\000o\000r\000p\000h\000i\000c\000\040\000F\000i\000l\000t\000e\000r\000i\000n\000g}{section.7}% 37
\BOOKMARK [2][-]{subsection.7.5}{\376\377\000C\000o\000n\000t\000o\000h\000\040\000K\000o\000d\000e\000:\000\040\000H\000o\000m\000o\000m\000o\000r\000p\000h\000i\000c\000\040\000F\000i\000l\000t\000e\000r\000i\000n\000g}{section.7}% 38
\BOOKMARK [1][-]{section.8}{\376\377\000R\000i\000n\000g\000k\000a\000s\000a\000n\000\040\000P\000e\000r\000b\000a\000n\000d\000i\000n\000g\000a\000n\000\040\000F\000i\000l\000t\000e\000r\000\040\000F\000r\000e\000k\000u\000e\000n\000s\000i}{}% 39
\BOOKMARK [1][-]{section.9}{\376\377\000M\000i\000n\000i\000-\000L\000a\000t\000i\000h\000a\000n\000\040\000\050\000A\000c\000t\000i\000v\000e\000\040\000L\000e\000a\000r\000n\000i\000n\000g\000\051}{}% 40
