\BOOKMARK [1][-]{section.1}{\376\377\000M\000e\000m\000a\000h\000a\000m\000i\000\040\000V\000a\000r\000i\000a\000b\000e\000l\000\040\000P\000e\000n\000e\000l\000i\000t\000i\000a\000n}{}% 1
\BOOKMARK [2][-]{subsection.1.1}{\376\377\000V\000a\000r\000i\000a\000b\000e\000l\000\040\000I\000n\000d\000e\000p\000e\000n\000d\000e\000n\000\040\000\050\000B\000e\000b\000a\000s\000\051}{section.1}% 2
\BOOKMARK [2][-]{subsection.1.2}{\376\377\000V\000a\000r\000i\000a\000b\000e\000l\000\040\000D\000e\000p\000e\000n\000d\000e\000n\000\040\000\050\000T\000e\000r\000i\000k\000a\000t\000\051}{section.1}% 3
\BOOKMARK [1][-]{section.2}{\376\377\000H\000a\000k\000i\000k\000a\000t\000\040\000d\000a\000n\000\040\000F\000u\000n\000g\000s\000i\000\040\000H\000i\000p\000o\000t\000e\000s\000i\000s}{}% 4
\BOOKMARK [2][-]{subsection.2.1}{\376\377\000A\000p\000a\000\040\000i\000t\000u\000\040\000H\000i\000p\000o\000t\000e\000s\000i\000s\000?}{section.2}% 5
\BOOKMARK [2][-]{subsection.2.2}{\376\377\000K\000a\000r\000a\000k\000t\000e\000r\000i\000s\000t\000i\000k\000\040\000H\000i\000p\000o\000t\000e\000s\000i\000s\000\040\000y\000a\000n\000g\000\040\000B\000a\000i\000k}{section.2}% 6
\BOOKMARK [2][-]{subsection.2.3}{\376\377\000M\000e\000n\000g\000a\000p\000a\000\040\000H\000i\000p\000o\000t\000e\000s\000i\000s\000\040\000S\000a\000n\000g\000a\000t\000\040\000K\000r\000u\000s\000i\000a\000l\000?}{section.2}% 7
\BOOKMARK [2][-]{subsection.2.4}{\376\377\000S\000i\000k\000l\000u\000s\000\040\000P\000e\000n\000e\000m\000u\000a\000n\000\040\000H\000i\000p\000o\000t\000e\000s\000i\000s}{section.2}% 8
\BOOKMARK [1][-]{section.3}{\376\377\000K\000l\000a\000s\000i\000f\000i\000k\000a\000s\000i\000\040\000d\000a\000n\000\040\000M\000a\000c\000a\000m\000-\000M\000a\000c\000a\000m\000\040\000H\000i\000p\000o\000t\000e\000s\000i\000s}{}% 9
\BOOKMARK [2][-]{subsection.3.1}{\376\377\000H\000i\000p\000o\000t\000e\000s\000i\000s\000\040\000N\000o\000l\000\040\000v\000s\000\040\000H\000i\000p\000o\000t\000e\000s\000i\000s\000\040\000A\000l\000t\000e\000r\000n\000a\000t\000i\000f}{section.3}% 10
\BOOKMARK [2][-]{subsection.3.2}{\376\377\000H\000i\000p\000o\000t\000e\000s\000i\000s\000\040\000D\000i\000r\000e\000k\000s\000i\000o\000n\000a\000l\000\040\000v\000s\000\040\000N\000o\000n\000-\000D\000i\000r\000e\000k\000s\000i\000o\000n\000a\000l}{section.3}% 11
\BOOKMARK [1][-]{section.4}{\376\377\000P\000e\000r\000a\000n\000c\000a\000n\000g\000a\000n\000\040\000D\000e\000s\000a\000i\000n\000\040\000E\000k\000s\000p\000e\000r\000i\000m\000e\000n}{}% 12
\BOOKMARK [2][-]{subsection.4.1}{\376\377\000T\000i\000g\000a\000\040\000K\000o\000m\000p\000o\000n\000e\000n\000\040\000U\000t\000a\000m\000a\000\040\000E\000k\000s\000p\000e\000r\000i\000m\000e\000n}{section.4}% 13
\BOOKMARK [2][-]{subsection.4.2}{\376\377\000K\000l\000a\000s\000i\000f\000i\000k\000a\000s\000i\000\040\000K\000e\000l\000o\000m\000p\000o\000k\000\040\000D\000e\000s\000a\000i\000n\000\040\000P\000e\000n\000e\000l\000i\000t\000i\000a\000n}{section.4}% 14
\BOOKMARK [1][-]{section.5}{\376\377\000S\000t\000r\000a\000t\000e\000g\000i\000\040\000P\000e\000n\000u\000g\000a\000s\000a\000n\000\040\000P\000a\000r\000t\000i\000s\000i\000p\000a\000n}{}% 15
\BOOKMARK [2][-]{subsection.5.1}{\376\377\000D\000e\000s\000a\000i\000n\000\040\000A\000n\000t\000a\000r\000-\000K\000e\000l\000o\000m\000p\000o\000k\000\040\000\050\000B\000e\000t\000w\000e\000e\000n\000-\000G\000r\000o\000u\000p\000\051}{section.5}% 16
\BOOKMARK [2][-]{subsection.5.2}{\376\377\000D\000e\000s\000a\000i\000n\000\040\000D\000a\000l\000a\000m\000-\000K\000e\000l\000o\000m\000p\000o\000k\000\040\000\050\000W\000i\000t\000h\000i\000n\000-\000G\000r\000o\000u\000p\000\051}{section.5}% 17
\BOOKMARK [1][-]{section.6}{\376\377\000D\000e\000s\000a\000i\000n\000\040\000F\000a\000k\000t\000o\000r\000i\000a\000l\000\040\000d\000a\000n\000\040\000P\000e\000n\000g\000a\000r\000u\000h\000\040\000I\000n\000t\000e\000r\000a\000k\000s\000i}{}% 18
\BOOKMARK [2][-]{subsection.6.1}{\376\377\000M\000e\000n\000y\000e\000l\000i\000d\000i\000k\000i\000\040\000L\000e\000b\000i\000h\000\040\000d\000a\000r\000i\000\040\000S\000a\000t\000u\000\040\000V\000a\000r\000i\000a\000b\000e\000l\000\040\000I\000n\000d\000e\000p\000e\000n\000d\000e\000n}{section.6}% 19
\BOOKMARK [2][-]{subsection.6.2}{\376\377\000M\000e\000m\000b\000e\000d\000a\000h\000\040\000P\000e\000n\000g\000a\000r\000u\000h\000\040\000I\000n\000t\000e\000r\000a\000k\000s\000i\000\040\000\050\000I\000n\000t\000e\000r\000a\000c\000t\000i\000o\000n\000\040\000E\000f\000f\000e\000c\000t\000\051}{section.6}% 20
